muser/build/outputs/logs/manifest-merger-debug-report.txt
-- Merging decision tree log ---
manifest
ADDED from AndroidManifest.xml:2:1
	xmlns:android
		ADDED from AndroidManifest.xml:4:5
	package
		ADDED from AndroidManifest.xml:3:5
		INJECTED from AndroidManifest.xml:0:0
		INJECTED from AndroidManifest.xml:0:0
	android:versionName
		ADDED from AndroidManifest.xml:6:5
		INJECTED from AndroidManifest.xml:0:0
		INJECTED from AndroidManifest.xml:0:0
	android:versionCode
		ADDED from AndroidManifest.xml:5:5
		INJECTED from AndroidManifest.xml:0:0
		INJECTED from AndroidManifest.xml:0:0
uses-sdk
ADDED from AndroidManifest.xml:8:5
MERGED from com.android.support:multidex:1.0.1:18:5
MERGED from Muser:pull_To_Refresh_Llibrary:unspecified:7:5
MERGED from com.twitter.sdk.android:twitter:1.6.1:23:5
MERGED from com.twitter.sdk.android:tweet-ui:1.3.1:23:5
MERGED from io.fabric.sdk.android:fabric:1.3.4:23:5
MERGED from com.twitter.sdk.android:twitter-core:1.4.1:23:5
MERGED from io.fabric.sdk.android:fabric:1.3.4:23:5
MERGED from com.android.support:support-v4:22.2.1:20:5
MERGED from io.fabric.sdk.android:fabric:1.3.4:23:5
MERGED from com.twitter.sdk.android:twitter-core:1.4.1:23:5
MERGED from io.fabric.sdk.android:fabric:1.3.4:23:5
MERGED from com.digits.sdk.android:digits:1.6.2:23:5
MERGED from io.fabric.sdk.android:fabric:1.3.4:23:5
MERGED from com.twitter.sdk.android:twitter-core:1.4.1:23:5
MERGED from io.fabric.sdk.android:fabric:1.3.4:23:5
MERGED from com.twitter.sdk.android:tweet-composer:0.8.0:23:5
MERGED from io.fabric.sdk.android:fabric:1.3.4:23:5
MERGED from com.google.android.gms:play-services:7.0.0:18:5
MERGED from com.google.android.gms:play-services-ads:7.0.0:18:5
MERGED from com.google.android.gms:play-services-base:7.0.0:18:5
MERGED from com.android.support:support-v4:22.2.1:20:5
MERGED from com.google.android.gms:play-services-analytics:7.0.0:18:5
MERGED from com.google.android.gms:play-services-base:7.0.0:18:5
MERGED from com.android.support:support-v4:22.2.1:20:5
MERGED from com.google.android.gms:play-services-analytics:7.0.0:18:5
MERGED from com.google.android.gms:play-services-base:7.0.0:18:5
MERGED from com.android.support:support-v4:22.2.1:20:5
MERGED from com.google.android.gms:play-services-appindexing:7.0.0:18:5
MERGED from com.google.android.gms:play-services-base:7.0.0:18:5
MERGED from com.android.support:support-v4:22.2.1:20:5
MERGED from com.google.android.gms:play-services-appstate:7.0.0:18:5
MERGED from com.google.android.gms:play-services-base:7.0.0:18:5
MERGED from com.android.support:support-v4:22.2.1:20:5
MERGED from com.google.android.gms:play-services-base:7.0.0:18:5
MERGED from com.android.support:support-v4:22.2.1:20:5
MERGED from com.google.android.gms:play-services-cast:7.0.0:18:5
MERGED from com.google.android.gms:play-services-base:7.0.0:18:5
MERGED from com.android.support:support-v4:22.2.1:20:5
MERGED from com.google.android.gms:play-services-drive:7.0.0:18:5
MERGED from com.google.android.gms:play-services-base:7.0.0:18:5
MERGED from com.android.support:support-v4:22.2.1:20:5
MERGED from com.google.android.gms:play-services-fitness:7.0.0:18:5
MERGED from com.google.android.gms:play-services-base:7.0.0:18:5
MERGED from com.android.support:support-v4:22.2.1:20:5
MERGED from com.google.android.gms:play-services-location:7.0.0:18:5
MERGED from com.google.android.gms:play-services-base:7.0.0:18:5
MERGED from com.android.support:support-v4:22.2.1:20:5
MERGED from com.google.android.gms:play-services-maps:7.0.0:18:5
MERGED from com.google.android.gms:play-services-base:7.0.0:18:5
MERGED from com.android.support:support-v4:22.2.1:20:5
MERGED from com.google.android.gms:play-services-games:7.0.0:18:5
MERGED from com.google.android.gms:play-services-base:7.0.0:18:5
MERGED from com.android.support:support-v4:22.2.1:20:5
MERGED from com.google.android.gms:play-services-drive:7.0.0:18:5
MERGED from com.google.android.gms:play-services-base:7.0.0:18:5
MERGED from com.android.support:support-v4:22.2.1:20:5
MERGED from com.google.android.gms:play-services-gcm:7.0.0:18:5
MERGED from com.google.android.gms:play-services-base:7.0.0:18:5
MERGED from com.android.support:support-v4:22.2.1:20:5
MERGED from com.google.android.gms:play-services-identity:7.0.0:18:5
MERGED from com.google.android.gms:play-services-base:7.0.0:18:5
MERGED from com.android.support:support-v4:22.2.1:20:5
MERGED from com.google.android.gms:play-services-location:7.0.0:18:5
MERGED from com.google.android.gms:play-services-base:7.0.0:18:5
MERGED from com.android.support:support-v4:22.2.1:20:5
MERGED from com.google.android.gms:play-services-maps:7.0.0:18:5
MERGED from com.google.android.gms:play-services-base:7.0.0:18:5
MERGED from com.android.support:support-v4:22.2.1:20:5
MERGED from com.google.android.gms:play-services-maps:7.0.0:18:5
MERGED from com.google.android.gms:play-services-base:7.0.0:18:5
MERGED from com.android.support:support-v4:22.2.1:20:5
MERGED from com.google.android.gms:play-services-nearby:7.0.0:18:5
MERGED from com.google.android.gms:play-services-base:7.0.0:18:5
MERGED from com.android.support:support-v4:22.2.1:20:5
MERGED from com.google.android.gms:play-services-panorama:7.0.0:18:5
MERGED from com.google.android.gms:play-services-base:7.0.0:18:5
MERGED from com.android.support:support-v4:22.2.1:20:5
MERGED from com.google.android.gms:play-services-plus:7.0.0:18:5
MERGED from com.google.android.gms:play-services-base:7.0.0:18:5
MERGED from com.android.support:support-v4:22.2.1:20:5
MERGED from com.google.android.gms:play-services-safetynet:7.0.0:18:5
MERGED from com.google.android.gms:play-services-base:7.0.0:18:5
MERGED from com.android.support:support-v4:22.2.1:20:5
MERGED from com.google.android.gms:play-services-wallet:7.0.0:18:5
MERGED from com.google.android.gms:play-services-base:7.0.0:18:5
MERGED from com.android.support:support-v4:22.2.1:20:5
MERGED from com.google.android.gms:play-services-identity:7.0.0:18:5
MERGED from com.google.android.gms:play-services-base:7.0.0:18:5
MERGED from com.android.support:support-v4:22.2.1:20:5
MERGED from com.google.android.gms:play-services-maps:7.0.0:18:5
MERGED from com.google.android.gms:play-services-base:7.0.0:18:5
MERGED from com.android.support:support-v4:22.2.1:20:5
MERGED from com.google.android.gms:play-services-wearable:7.0.0:18:5
MERGED from com.google.android.gms:play-services-base:7.0.0:18:5
MERGED from com.android.support:support-v4:22.2.1:20:5
MERGED from com.facebook.android:facebook:4.4.1:24:5
MERGED from com.android.support:support-v4:22.2.1:20:5
MERGED from Muser:actionbarsherlock:unspecified:7:5
MERGED from com.android.support:support-v4:22.2.1:20:5
MERGED from Muser:cameraPro:unspecified:7:5
MERGED from com.android.support:support-v4:22.2.1:20:5
	android:targetSdkVersion
		ADDED from AndroidManifest.xml:10:9
		INJECTED from AndroidManifest.xml:0:0
		INJECTED from AndroidManifest.xml:0:0
	android:minSdkVersion
		ADDED from AndroidManifest.xml:9:9
		INJECTED from AndroidManifest.xml:0:0
		INJECTED from AndroidManifest.xml:0:0
uses-permission#android.permission.INTERNET
ADDED from AndroidManifest.xml:12:5
MERGED from com.twitter.sdk.android:tweet-ui:1.3.1:25:5
MERGED from com.twitter.sdk.android:twitter-core:1.4.1:25:5
MERGED from com.twitter.sdk.android:twitter-core:1.4.1:25:5
MERGED from com.digits.sdk.android:digits:1.6.2:25:5
MERGED from com.twitter.sdk.android:twitter-core:1.4.1:25:5
MERGED from com.twitter.sdk.android:tweet-composer:0.8.0:25:5
	android:name
		ADDED from AndroidManifest.xml:12:22
uses-permission#android.permission.ACCESS_NETWORK_STATE
ADDED from AndroidManifest.xml:13:5
	android:name
		ADDED from AndroidManifest.xml:13:22
uses-permission#android.permission.ACCESS_FINE_LOCATION
ADDED from AndroidManifest.xml:14:5
	android:name
		ADDED from AndroidManifest.xml:14:22
uses-permission#android.permission.CAMERA
ADDED from AndroidManifest.xml:15:5
	android:name
		ADDED from AndroidManifest.xml:15:22
uses-permission#android.permission.WRITE_EXTERNAL_STORAGE
ADDED from AndroidManifest.xml:16:5
	android:name
		ADDED from AndroidManifest.xml:16:22
uses-permission#android.permission.VIBRATE
ADDED from AndroidManifest.xml:17:5
	android:name
		ADDED from AndroidManifest.xml:17:22
uses-permission#android.permission.RECORD_AUDIO
ADDED from AndroidManifest.xml:18:5
	android:name
		ADDED from AndroidManifest.xml:18:22
uses-permission#com.google.android.c2dm.permission.RECEIVE
ADDED from AndroidManifest.xml:19:5
	android:name
		ADDED from AndroidManifest.xml:19:22
uses-permission#android.permission.WAKE_LOCK
ADDED from AndroidManifest.xml:20:5
	android:name
		ADDED from AndroidManifest.xml:20:22
uses-permission#android.permission.READ_CONTACTS
ADDED from AndroidManifest.xml:21:5
	android:name
		ADDED from AndroidManifest.xml:21:22
permission#com.example.muser.permission.C2D_MESSAGE
ADDED from AndroidManifest.xml:23:5
	android:protectionLevel
		ADDED from AndroidManifest.xml:25:9
	android:name
		ADDED from AndroidManifest.xml:24:9
uses-permission#com.example.muser.permission.C2D_MESSAGE
ADDED from AndroidManifest.xml:27:5
	android:name
		ADDED from AndroidManifest.xml:27:22
uses-feature#android.hardware.camera
ADDED from AndroidManifest.xml:29:5
	android:required
		ADDED from AndroidManifest.xml:31:9
	android:name
		ADDED from AndroidManifest.xml:30:9
uses-feature#android.hardware.camera.flash
ADDED from AndroidManifest.xml:32:5
	android:required
		ADDED from AndroidManifest.xml:34:9
	android:name
		ADDED from AndroidManifest.xml:33:9
uses-feature#android.hardware.camera.front
ADDED from AndroidManifest.xml:35:5
	android:name
		ADDED from AndroidManifest.xml:35:19
uses-feature#android.hardware.microphone
ADDED from AndroidManifest.xml:36:5
	android:name
		ADDED from AndroidManifest.xml:36:19
android:uses-permission#android.permission.READ_PHONE_STATE
ADDED from AndroidManifest.xml:38:5
	android:name
		ADDED from AndroidManifest.xml:38:30
android:uses-permission#android.permission.READ_EXTERNAL_STORAGE
ADDED from AndroidManifest.xml:40:5
	android:maxSdkVersion
		ADDED from AndroidManifest.xml:42:9
	android:name
		ADDED from AndroidManifest.xml:41:9
application
ADDED from AndroidManifest.xml:44:5
MERGED from Muser:pull_To_Refresh_Llibrary:unspecified:11:5
MERGED from com.twitter.sdk.android:twitter:1.6.1:25:5
MERGED from com.twitter.sdk.android:tweet-ui:1.3.1:27:5
MERGED from io.fabric.sdk.android:fabric:1.3.4:25:5
MERGED from com.twitter.sdk.android:twitter-core:1.4.1:27:5
MERGED from io.fabric.sdk.android:fabric:1.3.4:25:5
MERGED from com.android.support:support-v4:22.2.1:22:5
MERGED from io.fabric.sdk.android:fabric:1.3.4:25:5
MERGED from com.twitter.sdk.android:twitter-core:1.4.1:27:5
MERGED from io.fabric.sdk.android:fabric:1.3.4:25:5
MERGED from com.digits.sdk.android:digits:1.6.2:27:5
MERGED from io.fabric.sdk.android:fabric:1.3.4:25:5
MERGED from com.twitter.sdk.android:twitter-core:1.4.1:27:5
MERGED from io.fabric.sdk.android:fabric:1.3.4:25:5
MERGED from com.twitter.sdk.android:tweet-composer:0.8.0:27:5
MERGED from io.fabric.sdk.android:fabric:1.3.4:25:5
MERGED from com.google.android.gms:play-services:7.0.0:19:5
MERGED from com.google.android.gms:play-services-ads:7.0.0:19:5
MERGED from com.google.android.gms:play-services-base:7.0.0:20:5
MERGED from com.android.support:support-v4:22.2.1:22:5
MERGED from com.google.android.gms:play-services-analytics:7.0.0:19:5
MERGED from com.google.android.gms:play-services-base:7.0.0:20:5
MERGED from com.android.support:support-v4:22.2.1:22:5
MERGED from com.google.android.gms:play-services-analytics:7.0.0:19:5
MERGED from com.google.android.gms:play-services-base:7.0.0:20:5
MERGED from com.android.support:support-v4:22.2.1:22:5
MERGED from com.google.android.gms:play-services-appindexing:7.0.0:19:5
MERGED from com.google.android.gms:play-services-base:7.0.0:20:5
MERGED from com.android.support:support-v4:22.2.1:22:5
MERGED from com.google.android.gms:play-services-appstate:7.0.0:19:5
MERGED from com.google.android.gms:play-services-base:7.0.0:20:5
MERGED from com.android.support:support-v4:22.2.1:22:5
MERGED from com.google.android.gms:play-services-base:7.0.0:20:5
MERGED from com.android.support:support-v4:22.2.1:22:5
MERGED from com.google.android.gms:play-services-cast:7.0.0:19:5
MERGED from com.google.android.gms:play-services-base:7.0.0:20:5
MERGED from com.android.support:support-v4:22.2.1:22:5
MERGED from com.google.android.gms:play-services-drive:7.0.0:19:5
MERGED from com.google.android.gms:play-services-base:7.0.0:20:5
MERGED from com.android.support:support-v4:22.2.1:22:5
MERGED from com.google.android.gms:play-services-fitness:7.0.0:19:5
MERGED from com.google.android.gms:play-services-base:7.0.0:20:5
MERGED from com.android.support:support-v4:22.2.1:22:5
MERGED from com.google.android.gms:play-services-location:7.0.0:19:5
MERGED from com.google.android.gms:play-services-base:7.0.0:20:5
MERGED from com.android.support:support-v4:22.2.1:22:5
MERGED from com.google.android.gms:play-services-maps:7.0.0:19:5
MERGED from com.google.android.gms:play-services-base:7.0.0:20:5
MERGED from com.android.support:support-v4:22.2.1:22:5
MERGED from com.google.android.gms:play-services-games:7.0.0:19:5
MERGED from com.google.android.gms:play-services-base:7.0.0:20:5
MERGED from com.android.support:support-v4:22.2.1:22:5
MERGED from com.google.android.gms:play-services-drive:7.0.0:19:5
MERGED from com.google.android.gms:play-services-base:7.0.0:20:5
MERGED from com.android.support:support-v4:22.2.1:22:5
MERGED from com.google.android.gms:play-services-gcm:7.0.0:19:5
MERGED from com.google.android.gms:play-services-base:7.0.0:20:5
MERGED from com.android.support:support-v4:22.2.1:22:5
MERGED from com.google.android.gms:play-services-identity:7.0.0:19:5
MERGED from com.google.android.gms:play-services-base:7.0.0:20:5
MERGED from com.android.support:support-v4:22.2.1:22:5
MERGED from com.google.android.gms:play-services-location:7.0.0:19:5
MERGED from com.google.android.gms:play-services-base:7.0.0:20:5
MERGED from com.android.support:support-v4:22.2.1:22:5
MERGED from com.google.android.gms:play-services-maps:7.0.0:19:5
MERGED from com.google.android.gms:play-services-base:7.0.0:20:5
MERGED from com.android.support:support-v4:22.2.1:22:5
MERGED from com.google.android.gms:play-services-maps:7.0.0:19:5
MERGED from com.google.android.gms:play-services-base:7.0.0:20:5
MERGED from com.android.support:support-v4:22.2.1:22:5
MERGED from com.google.android.gms:play-services-nearby:7.0.0:19:5
MERGED from com.google.android.gms:play-services-base:7.0.0:20:5
MERGED from com.android.support:support-v4:22.2.1:22:5
MERGED from com.google.android.gms:play-services-panorama:7.0.0:19:5
MERGED from com.google.android.gms:play-services-base:7.0.0:20:5
MERGED from com.android.support:support-v4:22.2.1:22:5
MERGED from com.google.android.gms:play-services-plus:7.0.0:19:5
MERGED from com.google.android.gms:play-services-base:7.0.0:20:5
MERGED from com.android.support:support-v4:22.2.1:22:5
MERGED from com.google.android.gms:play-services-safetynet:7.0.0:19:5
MERGED from com.google.android.gms:play-services-base:7.0.0:20:5
MERGED from com.android.support:support-v4:22.2.1:22:5
MERGED from com.google.android.gms:play-services-wallet:7.0.0:19:5
MERGED from com.google.android.gms:play-services-base:7.0.0:20:5
MERGED from com.android.support:support-v4:22.2.1:22:5
MERGED from com.google.android.gms:play-services-identity:7.0.0:19:5
MERGED from com.google.android.gms:play-services-base:7.0.0:20:5
MERGED from com.android.support:support-v4:22.2.1:22:5
MERGED from com.google.android.gms:play-services-maps:7.0.0:19:5
MERGED from com.google.android.gms:play-services-base:7.0.0:20:5
MERGED from com.android.support:support-v4:22.2.1:22:5
MERGED from com.google.android.gms:play-services-wearable:7.0.0:19:5
MERGED from com.google.android.gms:play-services-base:7.0.0:20:5
MERGED from com.android.support:support-v4:22.2.1:22:5
MERGED from com.facebook.android:facebook:4.4.1:28:5
MERGED from com.android.support:support-v4:22.2.1:22:5
MERGED from Muser:actionbarsherlock:unspecified:11:5
MERGED from com.android.support:support-v4:22.2.1:22:5
MERGED from Muser:cameraPro:unspecified:20:5
MERGED from com.android.support:support-v4:22.2.1:22:5
	android:label
		ADDED from AndroidManifest.xml:47:9
	android:allowBackup
		ADDED from AndroidManifest.xml:45:9
	android:icon
		ADDED from AndroidManifest.xml:46:9
	android:theme
		ADDED from AndroidManifest.xml:48:9
activity#com.ameba.muser.Splash
ADDED from AndroidManifest.xml:49:9
	android:windowSoftInputMode
		ADDED from AndroidManifest.xml:54:13
	android:screenOrientation
		ADDED from AndroidManifest.xml:52:13
	android:label
		ADDED from AndroidManifest.xml:51:13
	android:theme
		ADDED from AndroidManifest.xml:53:13
	android:name
		ADDED from AndroidManifest.xml:50:13
intent-filter#android.intent.action.MAIN+android.intent.category.LAUNCHER
ADDED from AndroidManifest.xml:55:13
action#android.intent.action.MAIN
ADDED from AndroidManifest.xml:56:17
	android:name
		ADDED from AndroidManifest.xml:56:25
category#android.intent.category.LAUNCHER
ADDED from AndroidManifest.xml:58:17
	android:name
		ADDED from AndroidManifest.xml:58:27
activity#com.ameba.muser.Login
ADDED from AndroidManifest.xml:61:9
	android:windowSoftInputMode
		ADDED from AndroidManifest.xml:65:13
	android:screenOrientation
		ADDED from AndroidManifest.xml:63:13
	android:theme
		ADDED from AndroidManifest.xml:64:13
	android:name
		ADDED from AndroidManifest.xml:62:13
activity#com.ameba.muser.Registration
ADDED from AndroidManifest.xml:67:9
	android:windowSoftInputMode
		ADDED from AndroidManifest.xml:71:13
	android:screenOrientation
		ADDED from AndroidManifest.xml:69:13
	android:theme
		ADDED from AndroidManifest.xml:70:13
	android:name
		ADDED from AndroidManifest.xml:68:13
activity#eu.janmuller.android.simplecropimage.CropImage
ADDED from AndroidManifest.xml:73:9
	android:windowSoftInputMode
		ADDED from AndroidManifest.xml:77:13
	android:screenOrientation
		ADDED from AndroidManifest.xml:75:13
	android:theme
		ADDED from AndroidManifest.xml:76:13
	android:name
		ADDED from AndroidManifest.xml:74:13
activity#com.ameba.muser.Drawer
ADDED from AndroidManifest.xml:79:9
	android:windowSoftInputMode
		ADDED from AndroidManifest.xml:84:13
	android:screenOrientation
		ADDED from AndroidManifest.xml:82:13
	android:configChanges
		ADDED from AndroidManifest.xml:81:13
	android:theme
		ADDED from AndroidManifest.xml:83:13
	android:name
		ADDED from AndroidManifest.xml:80:13
activity#com.ameba.muser.Update_Profile
ADDED from AndroidManifest.xml:86:9
	android:windowSoftInputMode
		ADDED from AndroidManifest.xml:90:13
	android:screenOrientation
		ADDED from AndroidManifest.xml:88:13
	android:theme
		ADDED from AndroidManifest.xml:89:13
	android:name
		ADDED from AndroidManifest.xml:87:13
activity#com.ameba.muser.Image_Video_Details
ADDED from AndroidManifest.xml:92:9
	android:windowSoftInputMode
		ADDED from AndroidManifest.xml:96:13
	android:screenOrientation
		ADDED from AndroidManifest.xml:94:13
	android:theme
		ADDED from AndroidManifest.xml:95:13
	android:name
		ADDED from AndroidManifest.xml:93:13
activity#com.ameba.muser.View_All_Comments
ADDED from AndroidManifest.xml:98:9
	android:windowSoftInputMode
		ADDED from AndroidManifest.xml:102:13
	android:screenOrientation
		ADDED from AndroidManifest.xml:100:13
	android:theme
		ADDED from AndroidManifest.xml:101:13
	android:name
		ADDED from AndroidManifest.xml:99:13
activity#com.ameba.muser.View_All_Likes
ADDED from AndroidManifest.xml:104:9
	android:windowSoftInputMode
		ADDED from AndroidManifest.xml:108:13
	android:screenOrientation
		ADDED from AndroidManifest.xml:106:13
	android:theme
		ADDED from AndroidManifest.xml:107:13
	android:name
		ADDED from AndroidManifest.xml:105:13
activity#com.ameba.muser.Other_Profile
ADDED from AndroidManifest.xml:110:9
	android:windowSoftInputMode
		ADDED from AndroidManifest.xml:114:13
	android:screenOrientation
		ADDED from AndroidManifest.xml:112:13
	android:theme
		ADDED from AndroidManifest.xml:113:13
	android:name
		ADDED from AndroidManifest.xml:111:13
activity#com.ameba.muser.Search_Hashtags_Child
ADDED from AndroidManifest.xml:116:9
	android:windowSoftInputMode
		ADDED from AndroidManifest.xml:120:13
	android:screenOrientation
		ADDED from AndroidManifest.xml:118:13
	android:theme
		ADDED from AndroidManifest.xml:119:13
	android:name
		ADDED from AndroidManifest.xml:117:13
activity#com.ameba.muser.Followers
ADDED from AndroidManifest.xml:122:9
	android:windowSoftInputMode
		ADDED from AndroidManifest.xml:126:13
	android:screenOrientation
		ADDED from AndroidManifest.xml:124:13
	android:theme
		ADDED from AndroidManifest.xml:125:13
	android:name
		ADDED from AndroidManifest.xml:123:13
activity#com.ameba.muser.Following
ADDED from AndroidManifest.xml:128:9
	android:windowSoftInputMode
		ADDED from AndroidManifest.xml:132:13
	android:screenOrientation
		ADDED from AndroidManifest.xml:130:13
	android:theme
		ADDED from AndroidManifest.xml:131:13
	android:name
		ADDED from AndroidManifest.xml:129:13
activity#com.ameba.muser.Blocks
ADDED from AndroidManifest.xml:134:9
	android:windowSoftInputMode
		ADDED from AndroidManifest.xml:138:13
	android:screenOrientation
		ADDED from AndroidManifest.xml:136:13
	android:theme
		ADDED from AndroidManifest.xml:137:13
	android:name
		ADDED from AndroidManifest.xml:135:13
activity#com.ameba.muser.Captured_Image
ADDED from AndroidManifest.xml:140:9
	android:windowSoftInputMode
		ADDED from AndroidManifest.xml:144:13
	android:screenOrientation
		ADDED from AndroidManifest.xml:142:13
	android:theme
		ADDED from AndroidManifest.xml:143:13
	android:name
		ADDED from AndroidManifest.xml:141:13
activity#com.ameba.muser.Tag_People
ADDED from AndroidManifest.xml:146:9
	android:windowSoftInputMode
		ADDED from AndroidManifest.xml:150:13
	android:screenOrientation
		ADDED from AndroidManifest.xml:148:13
	android:theme
		ADDED from AndroidManifest.xml:149:13
	android:name
		ADDED from AndroidManifest.xml:147:13
activity#com.ameba.muser.Camera
ADDED from AndroidManifest.xml:152:9
	android:windowSoftInputMode
		ADDED from AndroidManifest.xml:157:13
	android:screenOrientation
		ADDED from AndroidManifest.xml:155:13
	android:configChanges
		ADDED from AndroidManifest.xml:154:13
	android:theme
		ADDED from AndroidManifest.xml:156:13
	android:name
		ADDED from AndroidManifest.xml:153:13
activity#com.ameba.muser.Chats
ADDED from AndroidManifest.xml:159:9
	android:windowSoftInputMode
		ADDED from AndroidManifest.xml:163:13
	android:screenOrientation
		ADDED from AndroidManifest.xml:161:13
	android:theme
		ADDED from AndroidManifest.xml:162:13
	android:name
		ADDED from AndroidManifest.xml:160:13
activity#com.ameba.muser.Chat_sharan
ADDED from AndroidManifest.xml:165:9
	android:windowSoftInputMode
		ADDED from AndroidManifest.xml:169:13
	android:screenOrientation
		ADDED from AndroidManifest.xml:167:13
	android:theme
		ADDED from AndroidManifest.xml:168:13
	android:name
		ADDED from AndroidManifest.xml:166:13
activity#com.ameba.muser.Global_WebView
ADDED from AndroidManifest.xml:172:9
	android:windowSoftInputMode
		ADDED from AndroidManifest.xml:176:13
	android:screenOrientation
		ADDED from AndroidManifest.xml:174:13
	android:theme
		ADDED from AndroidManifest.xml:175:13
	android:name
		ADDED from AndroidManifest.xml:173:13
activity#com.ameba.muser.Linked_Accounts
ADDED from AndroidManifest.xml:178:9
	android:windowSoftInputMode
		ADDED from AndroidManifest.xml:182:13
	android:screenOrientation
		ADDED from AndroidManifest.xml:180:13
	android:theme
		ADDED from AndroidManifest.xml:181:13
	android:name
		ADDED from AndroidManifest.xml:179:13
activity#com.ameba.muser.Trainers
ADDED from AndroidManifest.xml:184:9
	android:windowSoftInputMode
		ADDED from AndroidManifest.xml:189:13
	android:screenOrientation
		ADDED from AndroidManifest.xml:187:13
	android:configChanges
		ADDED from AndroidManifest.xml:186:13
	android:theme
		ADDED from AndroidManifest.xml:188:13
	android:name
		ADDED from AndroidManifest.xml:185:13
activity#com.ameba.muser.Cancel_Sessions
ADDED from AndroidManifest.xml:191:9
	android:windowSoftInputMode
		ADDED from AndroidManifest.xml:196:13
	android:screenOrientation
		ADDED from AndroidManifest.xml:194:13
	android:configChanges
		ADDED from AndroidManifest.xml:193:13
	android:theme
		ADDED from AndroidManifest.xml:195:13
	android:name
		ADDED from AndroidManifest.xml:192:13
activity#com.ameba.muser.Total_Clients
ADDED from AndroidManifest.xml:198:9
	android:windowSoftInputMode
		ADDED from AndroidManifest.xml:203:13
	android:screenOrientation
		ADDED from AndroidManifest.xml:201:13
	android:configChanges
		ADDED from AndroidManifest.xml:200:13
	android:theme
		ADDED from AndroidManifest.xml:202:13
	android:name
		ADDED from AndroidManifest.xml:199:13
activity#org.appsroid.fxpro.PhotoActivity
ADDED from AndroidManifest.xml:206:9
	android:name
		ADDED from AndroidManifest.xml:206:19
activity#com.facebook.FacebookActivity
ADDED from AndroidManifest.xml:215:9
	android:label
		ADDED from AndroidManifest.xml:218:13
	android:configChanges
		ADDED from AndroidManifest.xml:217:13
	android:theme
		ADDED from AndroidManifest.xml:219:13
	android:name
		ADDED from AndroidManifest.xml:216:13
meta-data#com.facebook.sdk.ApplicationId
ADDED from AndroidManifest.xml:221:9
	android:name
		ADDED from AndroidManifest.xml:222:13
	android:value
		ADDED from AndroidManifest.xml:223:13
provider#com.facebook.FacebookContentProvider
ADDED from AndroidManifest.xml:226:9
	android:exported
		ADDED from AndroidManifest.xml:229:13
	android:authorities
		ADDED from AndroidManifest.xml:228:13
	android:name
		ADDED from AndroidManifest.xml:227:13
meta-data#com.crashlytics.ApiKey
ADDED from AndroidManifest.xml:233:9
	android:name
		ADDED from AndroidManifest.xml:234:13
	android:value
		ADDED from AndroidManifest.xml:235:13
service#com.ameba.muser.GCMIntentService
ADDED from AndroidManifest.xml:262:9
	android:name
		ADDED from AndroidManifest.xml:262:18
receiver#com.google.android.gcm.GCMBroadcastReceiver
ADDED from AndroidManifest.xml:264:9
	android:permission
		ADDED from AndroidManifest.xml:266:13
	android:name
		ADDED from AndroidManifest.xml:265:13
intent-filter#com.ameba.muser+com.google.android.c2dm.intent.RECEIVE+com.google.android.c2dm.intent.REGISTRATION
ADDED from AndroidManifest.xml:267:13
action#com.google.android.c2dm.intent.RECEIVE
ADDED from AndroidManifest.xml:268:17
	android:name
		ADDED from AndroidManifest.xml:268:25
action#com.google.android.c2dm.intent.REGISTRATION
ADDED from AndroidManifest.xml:269:17
	android:name
		ADDED from AndroidManifest.xml:269:25
category#com.ameba.muser
ADDED from AndroidManifest.xml:271:17
	android:name
		ADDED from AndroidManifest.xml:271:27
service#com.paypal.android.sdk.payments.PayPalService
ADDED from AndroidManifest.xml:275:9
	android:exported
		ADDED from AndroidManifest.xml:277:13
	android:name
		ADDED from AndroidManifest.xml:276:13
activity#com.paypal.android.sdk.payments.PaymentActivity
ADDED from AndroidManifest.xml:279:9
	android:name
		ADDED from AndroidManifest.xml:279:19
activity#com.paypal.android.sdk.payments.LoginActivity
ADDED from AndroidManifest.xml:280:9
	android:name
		ADDED from AndroidManifest.xml:280:19
activity#com.paypal.android.sdk.payments.PaymentMethodActivity
ADDED from AndroidManifest.xml:281:9
	android:name
		ADDED from AndroidManifest.xml:281:19
activity#com.paypal.android.sdk.payments.PaymentConfirmActivity
ADDED from AndroidManifest.xml:282:9
	android:name
		ADDED from AndroidManifest.xml:282:19
activity#com.paypal.android.sdk.payments.PayPalFuturePaymentActivity
ADDED from AndroidManifest.xml:284:9
	android:name
		ADDED from AndroidManifest.xml:284:19
activity#com.paypal.android.sdk.payments.FuturePaymentConsentActivity
ADDED from AndroidManifest.xml:285:9
	android:name
		ADDED from AndroidManifest.xml:285:19
activity#com.paypal.android.sdk.payments.FuturePaymentInfoActivity
ADDED from AndroidManifest.xml:286:9
	android:name
		ADDED from AndroidManifest.xml:286:19
activity#com.paypal.android.sdk.payments.PayPalProfileSharingActivity
ADDED from AndroidManifest.xml:287:9
	android:name
		ADDED from AndroidManifest.xml:287:19
activity#com.paypal.android.sdk.payments.ProfileSharingConsentActivity
ADDED from AndroidManifest.xml:288:9
	android:name
		ADDED from AndroidManifest.xml:288:19
activity#io.card.payment.CardIOActivity
ADDED from AndroidManifest.xml:289:9
	android:configChanges
		ADDED from AndroidManifest.xml:291:13
	android:name
		ADDED from AndroidManifest.xml:290:13
activity#io.card.payment.DataEntryActivity
ADDED from AndroidManifest.xml:292:9
	android:name
		ADDED from AndroidManifest.xml:292:19
activity#com.ameba.muser.CancelUploadingVideo
ADDED from AndroidManifest.xml:388:9
	android:label
		ADDED from AndroidManifest.xml:390:13
	android:theme
		ADDED from AndroidManifest.xml:391:13
	android:name
		ADDED from AndroidManifest.xml:389:13
activity#com.twitter.sdk.android.core.identity.OAuthActivity
ADDED from com.twitter.sdk.android:twitter-core:1.4.1:28:9
MERGED from com.twitter.sdk.android:twitter-core:1.4.1:28:9
MERGED from com.twitter.sdk.android:twitter-core:1.4.1:28:9
	android:configChanges
		ADDED from com.twitter.sdk.android:twitter-core:1.4.1:30:13
	android:exported
		ADDED from com.twitter.sdk.android:twitter-core:1.4.1:32:13
	android:excludeFromRecents
		ADDED from com.twitter.sdk.android:twitter-core:1.4.1:31:13
	android:name
		ADDED from com.twitter.sdk.android:twitter-core:1.4.1:29:13
activity#com.twitter.sdk.android.core.identity.ShareEmailActivity
ADDED from com.twitter.sdk.android:twitter-core:1.4.1:33:9
MERGED from com.twitter.sdk.android:twitter-core:1.4.1:33:9
MERGED from com.twitter.sdk.android:twitter-core:1.4.1:33:9
	android:label
		ADDED from com.twitter.sdk.android:twitter-core:1.4.1:39:13
	android:icon
		ADDED from com.twitter.sdk.android:twitter-core:1.4.1:38:13
	android:configChanges
		ADDED from com.twitter.sdk.android:twitter-core:1.4.1:35:13
	android:exported